head	1.10;
access;
symbols
	V1_3_1:1.9
	V1_3:1.9
	V1_2:1.4
	V1_1:1.4
	V1_0:1.2;
locks; strict;
comment	@# @;


1.10
date	95.01.10.05.37.29;	author vandys;	state Exp;
branches;
next	1.9;

1.9
date	94.04.09.04.34.45;	author vandys;	state Exp;
branches;
next	1.8;

1.8
date	94.04.06.21.58.50;	author vandys;	state Exp;
branches;
next	1.7;

1.7
date	94.02.28.22.06.56;	author vandys;	state Exp;
branches;
next	1.6;

1.6
date	94.02.28.19.13.53;	author vandys;	state Exp;
branches;
next	1.5;

1.5
date	94.02.01.23.13.59;	author vandys;	state Exp;
branches;
next	1.4;

1.4
date	93.11.16.02.51.27;	author vandys;	state Exp;
branches;
next	1.3;

1.3
date	93.10.01.19.06.33;	author vandys;	state Exp;
branches;
next	1.2;

1.2
date	93.08.02.20.12.31;	author vandys;	state Exp;
branches;
next	1.1;

1.1
date	93.07.12.16.48.02;	author vandys;	state Exp;
branches;
next	;


desc
@List of boot modules
@


1.10
log
@Update comment
@
text
@# The console driver
# cons -color
# or cons -mono		- For MGA text screen location
cons

# The keyboard driver
# kbd

# The name to port # mapper
namer

# The WD (ST-506 & IDE) driver
wd d0:readp
# or wd d0:cmos		- For CMOS parameter setup
# wd d0:cmos d1:cmos	- For two drives
# wd d0:cmos d1:readp	-  ...any combination, as needed
#		- D0 from CMOS, D1 from controller
# wd d0:<cyls>:<heads>:<sec/track>
#		- Manual setup; hand-specify the parameters

# Adaptec 1542b/c SCSI disk support
# You will almost certainly also want to read ../srv/mach/scsi/readme
# cam

# The swap driver.  It handles management of multiple swap partitions.
swap

# The first DOS filesystem
dos -p disk/wd:wd0_dos0 fs/root
# This mounts the first DOS partition on the first WD drive, and
#  advertises it (via namer) as the root filesystem for the system.

# The only program not a server in this file
init
# This reads the /vsta/etc/inittab and fires off most of the usual cruft
#  needed to boot.
@


1.9
log
@Add new SCSI comments
@
text
@d3 1
a3 1
# or ../cons/cons -mono		- For MGA text screen location
@


1.8
log
@Convert to install-oriented bootup
@
text
@d21 2
a22 1
# Adaptect 1542b/c SCSI disk support
a31 2
# If your filesystem is on a SCSI disk, you might use:
# dos -p disk/sd:sd0_dos0 fs/root
@


1.7
log
@New arg format for filesystem servers
@
text
@d2 1
a2 1
# ../srv/mach/cons/cons -color
d4 1
a4 1
../srv/mach/cons2/cons
d7 1
a7 1
# ../srv/mach/kbd/kbd
d10 1
a10 1
../srv/namer/namer
d13 4
a16 4
../srv/mach/wd/wd d0:readp
# or ../wd/wd d0:cmos		- For CMOS parameter setup
# ../wd/wd d0:cmos d1:cmos	- For two drives
# ../wd/wd d0:cmos d1:readp	-  ...any combination, as needed
d18 1
a18 1
# ../wd/wd d0:<cyls>:<heads>:<sec/track>
d22 1
a22 1
# ../srv/mach/scsi/cam
d25 1
a25 1
../srv/swap/swap
d28 1
a28 1
../srv/dos/dos -p disk/wd:wd0_dos0 fs/root
d32 1
a32 1
# ../srv/dos/dos -p disk/sd:sd0_dos0 fs/root
d35 1
a35 1
../bin/init/init
@


1.6
log
@Convert to cons2
@
text
@d28 1
a28 1
../srv/dos/dos -p disk/wd wd0_dos0 fs/root
d32 1
a32 1
# ../srv/dos/dos -p disk/sd sd0_dos0 fs/root
@


1.5
log
@Add samples for SCSI support
@
text
@d2 1
a2 1
../srv/mach/cons/cons -color
d4 1
d7 1
a7 1
../srv/mach/kbd/kbd
@


1.4
log
@Source reorg
@
text
@d20 3
d30 2
@


1.3
log
@Move non-wired servers to inittab
@
text
@d2 1
a2 1
../cons/cons -color
d6 1
a6 1
../kbd/kbd
d9 1
a9 1
../namer/namer
d12 1
a12 1
../wd/wd d0:readp
d21 1
a21 1
../swap/swap
d24 1
a24 1
../dos/dos -p disk/wd wd0_dos0 fs/root
@


1.2
log
@Add comments, use new server command line abilities.
@
text
@a22 3
# The pipe drive.  pipe(2) and friends use him to create pipes.
../pipe/pipe

a26 10

# The environment server
../env/env
# getenv/setenv and friends handle strings via a server instead of
# bundling them up via memory through exec()'s and all that.

# The first temp filesystem server
../tmpfs/tmpfs fs/tmp
# This advertises a /tmp filesystem.  A user could very well run
#  another copy of this instead of using the system-wide one.
@


1.1
log
@Initial revision
@
text
@d1 5
a5 1
../cons/cons
d7 2
d10 11
a20 1
../wd/wd
d22 2
d25 2
d28 4
d33 4
d38 4
d43 2
@
